{"/Users/charliewhiteside/bootcamp/week5/project/cheese-boards/db/db.js": {"path":"/Users/charliewhiteside/bootcamp/week5/project/cheese-boards/db/db.js","statementMap":{"0":{"start":{"line":1,"column":22},"end":{"line":1,"column":42}},"1":{"start":{"line":2,"column":13},"end":{"line":2,"column":28}},"2":{"start":{"line":5,"column":11},"end":{"line":9,"column":2}},"3":{"start":{"line":11,"column":0},"end":{"line":11,"column":20}}},"fnMap":{},"branchMap":{},"s":{"0":1,"1":1,"2":1,"3":1},"f":{},"b":{},"_coverageSchema":"1a1c01bbd47fc00a2c39e90264f33305004495a9","hash":"c7c7b55ecb120c40619518e35f28b20ee8dd29a2"}
,"/Users/charliewhiteside/bootcamp/week5/project/cheese-boards/models/board.model.js": {"path":"/Users/charliewhiteside/bootcamp/week5/project/cheese-boards/models/board.model.js","statementMap":{"0":{"start":{"line":1,"column":40},"end":{"line":1,"column":60}},"1":{"start":{"line":2,"column":11},"end":{"line":2,"column":30}},"2":{"start":{"line":5,"column":0},"end":{"line":12,"column":2}},"3":{"start":{"line":14,"column":0},"end":{"line":14,"column":23}}},"fnMap":{},"branchMap":{},"s":{"0":1,"1":1,"2":1,"3":1},"f":{},"b":{},"_coverageSchema":"1a1c01bbd47fc00a2c39e90264f33305004495a9","hash":"a241916c93b711d6c47c7bb5eb3b7ccdd58f3fae"}
}
